<?xml version="1.0" encoding="utf-8"?><testsuites name="pytest tests"><testsuite name="pytest" errors="0" failures="0" skipped="0" tests="24" time="1.378" timestamp="2026-02-07T02:11:41.098140+00:00" hostname="agent-env-7e7c9e18-1775-4662-8d50-31883b41e8cb"><testcase classname="backend.tests.test_police_ot_api.TestAuthentication" name="test_login_success" time="0.074" /><testcase classname="backend.tests.test_police_ot_api.TestAuthentication" name="test_login_invalid_credentials" time="0.039" /><testcase classname="backend.tests.test_police_ot_api.TestOfficersAPI" name="test_get_officers_returns_list" time="0.043" /><testcase classname="backend.tests.test_police_ot_api.TestOfficersAPI" name="test_officers_sorted_by_seniority" time="0.035" /><testcase classname="backend.tests.test_police_ot_api.TestOfficersAPI" name="test_officer_has_required_fields" time="0.043" /><testcase classname="backend.tests.test_police_ot_api.TestOfficersAPI" name="test_create_officer_and_verify" time="0.072" /><testcase classname="backend.tests.test_police_ot_api.TestOfficersAPI" name="test_update_officer" time="0.058" /><testcase classname="backend.tests.test_police_ot_api.TestOfficersAPI" name="test_delete_officer" time="0.060" /><testcase classname="backend.tests.test_police_ot_api.TestSheetsAPI" name="test_get_sheet_by_day_rdo[friday]" time="0.041" /><testcase classname="backend.tests.test_police_ot_api.TestSheetsAPI" name="test_get_sheet_by_day_rdo[saturday]" time="0.044" /><testcase classname="backend.tests.test_police_ot_api.TestSheetsAPI" name="test_get_sheet_by_day_rdo[sunday]" time="0.040" /><testcase classname="backend.tests.test_police_ot_api.TestSheetsAPI" name="test_sheet_types_for_friday[rdo]" time="0.040" /><testcase classname="backend.tests.test_police_ot_api.TestSheetsAPI" name="test_sheet_types_for_friday[days_ext]" time="0.043" /><testcase classname="backend.tests.test_police_ot_api.TestSheetsAPI" name="test_sheet_types_for_friday[nights_ext]" time="0.040" /><testcase classname="backend.tests.test_police_ot_api.TestSheetsAPI" name="test_sheet_has_correct_team_structure" time="0.044" /><testcase classname="backend.tests.test_police_ot_api.TestSheetsAPI" name="test_sheet_row_structure" time="0.041" /><testcase classname="backend.tests.test_police_ot_api.TestSheetsAPI" name="test_update_sheet" time="0.057" /><testcase classname="backend.tests.test_police_ot_api.TestLockUnlock" name="test_lock_sheet" time="0.043" /><testcase classname="backend.tests.test_police_ot_api.TestLockUnlock" name="test_unlock_sheet" time="0.053" /><testcase classname="backend.tests.test_police_ot_api.TestLockUnlock" name="test_set_auto_lock" time="0.064" /><testcase classname="backend.tests.test_police_ot_api.TestBumpedOfficers" name="test_get_bumped_officers" time="0.038" /><testcase classname="backend.tests.test_police_ot_api.TestBumpedOfficers" name="test_add_and_delete_bumped_officer" time="0.058" /><testcase classname="backend.tests.test_police_ot_api.TestVersionLogs" name="test_get_version_logs" time="0.038" /><testcase classname="backend.tests.test_police_ot_api.TestSheetReset" name="test_reset_all_sheets" time="0.123" /></testsuite></testsuites>